<?xml version="1.0" encoding="UTF-8"?>
<robot generator="Robot 7.1 (Python 3.12.2 on win32)" generated="2024-10-11T14:37:42.435236" rpa="false" schemaversion="5">
<suite id="s1" name="Calculadora Mobile  Ddt" source="C:\ITERASYS\RobotSauceDemo140\tests\mobile\calculadora_mobile _ddt.robot">
<kw name="Open Application" owner="AppiumLibrary" type="SETUP">
<arg>${REMOTE_URL}</arg>
<arg>platformName=Android</arg>
<arg>appium:platformVersion=9.0</arg>
<arg>appium:deviceName=Samsung Galaxy S9 FHD GoogleAPI Emulator</arg>
<arg>appium:deviceOrientation=portrait</arg>
<arg>appium:app=storage:filename=Calculator_8.4 (503542421)_APKPure.apk</arg>
<arg>appium:appPackage=com.google.android.calculator</arg>
<arg>appium:appActivity=com.android.calculator2.Calculator</arg>
<arg>appium:automationName=uiautomator2</arg>
<arg>browserName=</arg>
<arg>appium:ensureWebviewsHavePages=${True}</arg>
<doc>Opens a new application to given Appium server.
Capabilities of appium server, Android and iOS,
Please check https://appium.io/docs/en/2.1/cli/args/
| *Option*            | *Man.* | *Description*     |
| remote_url          | Yes    | Appium server url |
| alias               | no     | alias             |
| strict_ssl          | No     | allows you to send commands to an invalid certificate host like a self-signed one. |</doc>
<status status="PASS" start="2024-10-11T14:37:42.753053" elapsed="49.504752"/>
</kw>
<test id="s1-t1" name="TC001" line="25">
<kw name="Calcular">
<kw name="Set Variable" owner="BuiltIn">
<msg time="2024-10-11T14:38:32.262781" level="INFO">${el1} = accessibility_id=4</msg>
<var>${el1}</var>
<arg>accessibility_id=4</arg>
<doc>Returns the given values which can then be assigned to a variables.</doc>
<status status="PASS" start="2024-10-11T14:38:32.262781" elapsed="0.000000"/>
</kw>
<kw name="Click Element" owner="AppiumLibrary">
<msg time="2024-10-11T14:38:32.265779" level="INFO">Clicking element 'accessibility_id=4'.</msg>
<arg>${el1}</arg>
<doc>Click element identified by `locator`.</doc>
<status status="PASS" start="2024-10-11T14:38:32.262781" elapsed="1.573533"/>
</kw>
<kw name="Set Variable" owner="BuiltIn">
<msg time="2024-10-11T14:38:33.837311" level="INFO">${el2} = accessibility_id=plus</msg>
<var>${el2}</var>
<arg>accessibility_id=plus</arg>
<doc>Returns the given values which can then be assigned to a variables.</doc>
<status status="PASS" start="2024-10-11T14:38:33.836314" elapsed="0.000997"/>
</kw>
<kw name="Click Element" owner="AppiumLibrary">
<msg time="2024-10-11T14:38:33.845272" level="INFO">Clicking element 'accessibility_id=plus'.</msg>
<arg>${el2}</arg>
<doc>Click element identified by `locator`.</doc>
<status status="PASS" start="2024-10-11T14:38:33.838311" elapsed="1.461616"/>
</kw>
<kw name="Set Variable" owner="BuiltIn">
<msg time="2024-10-11T14:38:35.300926" level="INFO">${el3} = accessibility_id=3</msg>
<var>${el3}</var>
<arg>accessibility_id=3</arg>
<doc>Returns the given values which can then be assigned to a variables.</doc>
<status status="PASS" start="2024-10-11T14:38:35.299927" elapsed="0.000999"/>
</kw>
<kw name="Click Element" owner="AppiumLibrary">
<msg time="2024-10-11T14:38:35.305922" level="INFO">Clicking element 'accessibility_id=3'.</msg>
<arg>${el3}</arg>
<doc>Click element identified by `locator`.</doc>
<status status="PASS" start="2024-10-11T14:38:35.301925" elapsed="1.445748"/>
</kw>
<kw name="Set Variable" owner="BuiltIn">
<msg time="2024-10-11T14:38:36.749670" level="INFO">${el4} = accessibility_id=equals</msg>
<var>${el4}</var>
<arg>accessibility_id=equals</arg>
<doc>Returns the given values which can then be assigned to a variables.</doc>
<status status="PASS" start="2024-10-11T14:38:36.748672" elapsed="0.000998"/>
</kw>
<kw name="Click Element" owner="AppiumLibrary">
<msg time="2024-10-11T14:38:36.754667" level="INFO">Clicking element 'accessibility_id=equals'.</msg>
<arg>${el4}</arg>
<doc>Click element identified by `locator`.</doc>
<status status="PASS" start="2024-10-11T14:38:36.749670" elapsed="1.800727"/>
</kw>
<kw name="Set Variable" owner="BuiltIn">
<msg time="2024-10-11T14:38:38.550397" level="INFO">${el5} = accessibility_id=clear</msg>
<var>${el5}</var>
<arg>accessibility_id=clear</arg>
<doc>Returns the given values which can then be assigned to a variables.</doc>
<status status="PASS" start="2024-10-11T14:38:38.550397" elapsed="0.000000"/>
</kw>
<kw name="Click Element" owner="AppiumLibrary">
<msg time="2024-10-11T14:38:38.553394" level="INFO">Clicking element 'accessibility_id=clear'.</msg>
<arg>${el5}</arg>
<doc>Click element identified by `locator`.</doc>
<status status="PASS" start="2024-10-11T14:38:38.550397" elapsed="1.498186"/>
</kw>
<kw name="Set Variable" owner="BuiltIn">
<msg time="2024-10-11T14:38:40.049583" level="INFO">${el6} = accessibility_id=8</msg>
<var>${el6}</var>
<arg>accessibility_id=8</arg>
<doc>Returns the given values which can then be assigned to a variables.</doc>
<status status="PASS" start="2024-10-11T14:38:40.048583" elapsed="0.001998"/>
</kw>
<kw name="Click Element" owner="AppiumLibrary">
<msg time="2024-10-11T14:38:40.062599" level="INFO">Clicking element 'accessibility_id=8'.</msg>
<arg>${el6}</arg>
<doc>Click element identified by `locator`.</doc>
<status status="PASS" start="2024-10-11T14:38:40.050581" elapsed="1.419287"/>
</kw>
<kw name="Set Variable" owner="BuiltIn">
<msg time="2024-10-11T14:38:41.470865" level="INFO">${el7} = accessibility_id=minus</msg>
<var>${el7}</var>
<arg>accessibility_id=minus</arg>
<doc>Returns the given values which can then be assigned to a variables.</doc>
<status status="PASS" start="2024-10-11T14:38:41.469868" elapsed="0.000997"/>
</kw>
<kw name="Click Element" owner="AppiumLibrary">
<msg time="2024-10-11T14:38:41.478861" level="INFO">Clicking element 'accessibility_id=minus'.</msg>
<arg>${el7}</arg>
<doc>Click element identified by `locator`.</doc>
<status status="PASS" start="2024-10-11T14:38:41.470865" elapsed="1.461085"/>
</kw>
<kw name="Set Variable" owner="BuiltIn">
<msg time="2024-10-11T14:38:42.932948" level="INFO">${el8} = accessibility_id=2</msg>
<var>${el8}</var>
<arg>accessibility_id=2</arg>
<doc>Returns the given values which can then be assigned to a variables.</doc>
<status status="PASS" start="2024-10-11T14:38:42.931950" elapsed="0.000998"/>
</kw>
<kw name="Click Element" owner="AppiumLibrary">
<msg time="2024-10-11T14:38:42.937945" level="INFO">Clicking element 'accessibility_id=2'.</msg>
<arg>${el8}</arg>
<doc>Click element identified by `locator`.</doc>
<status status="PASS" start="2024-10-11T14:38:42.932948" elapsed="1.425557"/>
</kw>
<kw name="Set Variable" owner="BuiltIn">
<msg time="2024-10-11T14:38:44.360505" level="INFO">${el9} = accessibility_id=equals</msg>
<var>${el9}</var>
<arg>accessibility_id=equals</arg>
<doc>Returns the given values which can then be assigned to a variables.</doc>
<status status="PASS" start="2024-10-11T14:38:44.359505" elapsed="0.001000"/>
</kw>
<kw name="Click Element" owner="AppiumLibrary">
<msg time="2024-10-11T14:38:44.367498" level="INFO">Clicking element 'accessibility_id=equals'.</msg>
<arg>${el9}</arg>
<doc>Click element identified by `locator`.</doc>
<status status="PASS" start="2024-10-11T14:38:44.361503" elapsed="1.772724"/>
</kw>
<kw name="Set Variable" owner="BuiltIn">
<msg time="2024-10-11T14:38:46.135198" level="INFO">${el10} = accessibility_id=clear</msg>
<var>${el10}</var>
<arg>accessibility_id=clear</arg>
<doc>Returns the given values which can then be assigned to a variables.</doc>
<status status="PASS" start="2024-10-11T14:38:46.135198" elapsed="0.000000"/>
</kw>
<kw name="Click Element" owner="AppiumLibrary">
<msg time="2024-10-11T14:38:46.145193" level="INFO">Clicking element 'accessibility_id=clear'.</msg>
<arg>${el10}</arg>
<doc>Click element identified by `locator`.</doc>
<status status="PASS" start="2024-10-11T14:38:46.136201" elapsed="1.344742"/>
</kw>
<kw name="Set Variable" owner="BuiltIn">
<msg time="2024-10-11T14:38:47.481943" level="INFO">${el11} = accessibility_id=3</msg>
<var>${el11}</var>
<arg>accessibility_id=3</arg>
<doc>Returns the given values which can then be assigned to a variables.</doc>
<status status="PASS" start="2024-10-11T14:38:47.480943" elapsed="0.001000"/>
</kw>
<kw name="Click Element" owner="AppiumLibrary">
<msg time="2024-10-11T14:38:47.485939" level="INFO">Clicking element 'accessibility_id=3'.</msg>
<arg>${el11}</arg>
<doc>Click element identified by `locator`.</doc>
<status status="PASS" start="2024-10-11T14:38:47.481943" elapsed="1.454404"/>
</kw>
<kw name="Set Variable" owner="BuiltIn">
<msg time="2024-10-11T14:38:48.937371" level="INFO">${el12} = accessibility_id=multiply</msg>
<var>${el12}</var>
<arg>accessibility_id=multiply</arg>
<doc>Returns the given values which can then be assigned to a variables.</doc>
<status status="PASS" start="2024-10-11T14:38:48.936347" elapsed="0.001024"/>
</kw>
<kw name="Click Element" owner="AppiumLibrary">
<msg time="2024-10-11T14:38:48.940356" level="INFO">Clicking element 'accessibility_id=multiply'.</msg>
<arg>${el12}</arg>
<doc>Click element identified by `locator`.</doc>
<status status="PASS" start="2024-10-11T14:38:48.937371" elapsed="1.391344"/>
</kw>
<kw name="Set Variable" owner="BuiltIn">
<msg time="2024-10-11T14:38:50.329737" level="INFO">${el13} = accessibility_id=4</msg>
<var>${el13}</var>
<arg>accessibility_id=4</arg>
<doc>Returns the given values which can then be assigned to a variables.</doc>
<status status="PASS" start="2024-10-11T14:38:50.328715" elapsed="0.001022"/>
</kw>
<kw name="Click Element" owner="AppiumLibrary">
<msg time="2024-10-11T14:38:50.330720" level="INFO">Clicking element 'accessibility_id=4'.</msg>
<arg>${el13}</arg>
<doc>Click element identified by `locator`.</doc>
<status status="PASS" start="2024-10-11T14:38:50.329737" elapsed="1.360015"/>
</kw>
<kw name="Set Variable" owner="BuiltIn">
<msg time="2024-10-11T14:38:51.692738" level="INFO">${el14} = accessibility_id=equals</msg>
<var>${el14}</var>
<arg>accessibility_id=equals</arg>
<doc>Returns the given values which can then be assigned to a variables.</doc>
<status status="PASS" start="2024-10-11T14:38:51.691743" elapsed="0.000995"/>
</kw>
<kw name="Click Element" owner="AppiumLibrary">
<msg time="2024-10-11T14:38:51.707767" level="INFO">Clicking element 'accessibility_id=equals'.</msg>
<arg>${el14}</arg>
<doc>Click element identified by `locator`.</doc>
<status status="PASS" start="2024-10-11T14:38:51.693739" elapsed="1.750989"/>
</kw>
<kw name="Set Variable" owner="BuiltIn">
<msg time="2024-10-11T14:38:53.445726" level="INFO">${el15} = accessibility_id=clear</msg>
<var>${el15}</var>
<arg>accessibility_id=clear</arg>
<doc>Returns the given values which can then be assigned to a variables.</doc>
<status status="PASS" start="2024-10-11T14:38:53.444728" elapsed="0.000998"/>
</kw>
<kw name="Click Element" owner="AppiumLibrary">
<msg time="2024-10-11T14:38:53.447722" level="INFO">Clicking element 'accessibility_id=clear'.</msg>
<arg>${el15}</arg>
<doc>Click element identified by `locator`.</doc>
<status status="PASS" start="2024-10-11T14:38:53.445726" elapsed="1.329839"/>
</kw>
<kw name="Set Variable" owner="BuiltIn">
<msg time="2024-10-11T14:38:54.776565" level="INFO">${el16} = accessibility_id=9</msg>
<var>${el16}</var>
<arg>accessibility_id=9</arg>
<doc>Returns the given values which can then be assigned to a variables.</doc>
<status status="PASS" start="2024-10-11T14:38:54.776565" elapsed="0.000996"/>
</kw>
<kw name="Click Element" owner="AppiumLibrary">
<msg time="2024-10-11T14:38:54.784556" level="INFO">Clicking element 'accessibility_id=9'.</msg>
<arg>${el16}</arg>
<doc>Click element identified by `locator`.</doc>
<status status="PASS" start="2024-10-11T14:38:54.777561" elapsed="1.343758"/>
</kw>
<kw name="Set Variable" owner="BuiltIn">
<msg time="2024-10-11T14:38:56.122334" level="INFO">${el17} = accessibility_id=divide</msg>
<var>${el17}</var>
<arg>accessibility_id=divide</arg>
<doc>Returns the given values which can then be assigned to a variables.</doc>
<status status="PASS" start="2024-10-11T14:38:56.122334" elapsed="0.000998"/>
</kw>
<kw name="Click Element" owner="AppiumLibrary">
<msg time="2024-10-11T14:38:56.128329" level="INFO">Clicking element 'accessibility_id=divide'.</msg>
<arg>${el17}</arg>
<doc>Click element identified by `locator`.</doc>
<status status="PASS" start="2024-10-11T14:38:56.123332" elapsed="1.354103"/>
</kw>
<kw name="Set Variable" owner="BuiltIn">
<msg time="2024-10-11T14:38:57.478435" level="INFO">${el18} = accessibility_id=3</msg>
<var>${el18}</var>
<arg>accessibility_id=3</arg>
<doc>Returns the given values which can then be assigned to a variables.</doc>
<status status="PASS" start="2024-10-11T14:38:57.477435" elapsed="0.001000"/>
</kw>
<kw name="Click Element" owner="AppiumLibrary">
<msg time="2024-10-11T14:38:57.481431" level="INFO">Clicking element 'accessibility_id=3'.</msg>
<arg>${el18}</arg>
<doc>Click element identified by `locator`.</doc>
<status status="PASS" start="2024-10-11T14:38:57.478435" elapsed="1.408825"/>
</kw>
<kw name="Set Variable" owner="BuiltIn">
<msg time="2024-10-11T14:38:58.888261" level="INFO">${el19} = accessibility_id=equals</msg>
<var>${el19}</var>
<arg>accessibility_id=equals</arg>
<doc>Returns the given values which can then be assigned to a variables.</doc>
<status status="PASS" start="2024-10-11T14:38:58.888261" elapsed="0.000000"/>
</kw>
<kw name="Click Element" owner="AppiumLibrary">
<msg time="2024-10-11T14:38:58.892258" level="INFO">Clicking element 'accessibility_id=equals'.</msg>
<arg>${el19}</arg>
<doc>Click element identified by `locator`.</doc>
<status status="PASS" start="2024-10-11T14:38:58.888261" elapsed="2.285503"/>
</kw>
<kw name="Set Variable" owner="BuiltIn">
<msg time="2024-10-11T14:39:01.173764" level="INFO">${el20} = accessibility_id=clear</msg>
<var>${el20}</var>
<arg>accessibility_id=clear</arg>
<doc>Returns the given values which can then be assigned to a variables.</doc>
<status status="PASS" start="2024-10-11T14:39:01.173764" elapsed="0.000000"/>
</kw>
<kw name="Click Element" owner="AppiumLibrary">
<msg time="2024-10-11T14:39:01.182765" level="INFO">Clicking element 'accessibility_id=clear'.</msg>
<arg>${el20}</arg>
<doc>Click element identified by `locator`.</doc>
<status status="PASS" start="2024-10-11T14:39:01.174763" elapsed="1.413765"/>
</kw>
<arg>6</arg>
<arg>6</arg>
<status status="PASS" start="2024-10-11T14:38:32.261783" elapsed="30.327756"/>
</kw>
<status status="PASS" start="2024-10-11T14:38:32.259785" elapsed="30.330740"/>
</test>
<test id="s1-t2" name="TC002" line="27">
<kw name="Calcular">
<kw name="Set Variable" owner="BuiltIn">
<msg time="2024-10-11T14:39:02.599118" level="INFO">${el1} = accessibility_id=4</msg>
<var>${el1}</var>
<arg>accessibility_id=4</arg>
<doc>Returns the given values which can then be assigned to a variables.</doc>
<status status="PASS" start="2024-10-11T14:39:02.599118" elapsed="0.000000"/>
</kw>
<kw name="Click Element" owner="AppiumLibrary">
<msg time="2024-10-11T14:39:02.608078" level="INFO">Clicking element 'accessibility_id=4'.</msg>
<arg>${el1}</arg>
<doc>Click element identified by `locator`.</doc>
<status status="PASS" start="2024-10-11T14:39:02.600117" elapsed="1.412999"/>
</kw>
<kw name="Set Variable" owner="BuiltIn">
<msg time="2024-10-11T14:39:04.014112" level="INFO">${el2} = accessibility_id=plus</msg>
<var>${el2}</var>
<arg>accessibility_id=plus</arg>
<doc>Returns the given values which can then be assigned to a variables.</doc>
<status status="PASS" start="2024-10-11T14:39:04.013116" elapsed="0.000996"/>
</kw>
<kw name="Click Element" owner="AppiumLibrary">
<msg time="2024-10-11T14:39:04.022073" level="INFO">Clicking element 'accessibility_id=plus'.</msg>
<arg>${el2}</arg>
<doc>Click element identified by `locator`.</doc>
<status status="PASS" start="2024-10-11T14:39:04.014112" elapsed="1.347965"/>
</kw>
<kw name="Set Variable" owner="BuiltIn">
<msg time="2024-10-11T14:39:05.363072" level="INFO">${el3} = accessibility_id=3</msg>
<var>${el3}</var>
<arg>accessibility_id=3</arg>
<doc>Returns the given values which can then be assigned to a variables.</doc>
<status status="PASS" start="2024-10-11T14:39:05.362077" elapsed="0.000995"/>
</kw>
<kw name="Click Element" owner="AppiumLibrary">
<msg time="2024-10-11T14:39:05.372031" level="INFO">Clicking element 'accessibility_id=3'.</msg>
<arg>${el3}</arg>
<doc>Click element identified by `locator`.</doc>
<status status="PASS" start="2024-10-11T14:39:05.364074" elapsed="1.555256"/>
</kw>
<kw name="Set Variable" owner="BuiltIn">
<msg time="2024-10-11T14:39:06.921328" level="INFO">${el4} = accessibility_id=equals</msg>
<var>${el4}</var>
<arg>accessibility_id=equals</arg>
<doc>Returns the given values which can then be assigned to a variables.</doc>
<status status="PASS" start="2024-10-11T14:39:06.921328" elapsed="0.000000"/>
</kw>
<kw name="Click Element" owner="AppiumLibrary">
<msg time="2024-10-11T14:39:06.926359" level="INFO">Clicking element 'accessibility_id=equals'.</msg>
<arg>${el4}</arg>
<doc>Click element identified by `locator`.</doc>
<status status="PASS" start="2024-10-11T14:39:06.922361" elapsed="1.250787"/>
</kw>
<kw name="Set Variable" owner="BuiltIn">
<msg time="2024-10-11T14:39:08.174171" level="INFO">${el5} = accessibility_id=clear</msg>
<var>${el5}</var>
<arg>accessibility_id=clear</arg>
<doc>Returns the given values which can then be assigned to a variables.</doc>
<status status="PASS" start="2024-10-11T14:39:08.173148" elapsed="0.001023"/>
</kw>
<kw name="Click Element" owner="AppiumLibrary">
<msg time="2024-10-11T14:39:08.176170" level="INFO">Clicking element 'accessibility_id=clear'.</msg>
<arg>${el5}</arg>
<doc>Click element identified by `locator`.</doc>
<status status="PASS" start="2024-10-11T14:39:08.174171" elapsed="1.419757"/>
</kw>
<kw name="Set Variable" owner="BuiltIn">
<msg time="2024-10-11T14:39:09.595970" level="INFO">${el6} = accessibility_id=8</msg>
<var>${el6}</var>
<arg>accessibility_id=8</arg>
<doc>Returns the given values which can then be assigned to a variables.</doc>
<status status="PASS" start="2024-10-11T14:39:09.594973" elapsed="0.000997"/>
</kw>
<kw name="Click Element" owner="AppiumLibrary">
<msg time="2024-10-11T14:39:09.600934" level="INFO">Clicking element 'accessibility_id=8'.</msg>
<arg>${el6}</arg>
<doc>Click element identified by `locator`.</doc>
<status status="PASS" start="2024-10-11T14:39:09.595970" elapsed="1.597230"/>
</kw>
<kw name="Set Variable" owner="BuiltIn">
<msg time="2024-10-11T14:39:11.195199" level="INFO">${el7} = accessibility_id=minus</msg>
<var>${el7}</var>
<arg>accessibility_id=minus</arg>
<doc>Returns the given values which can then be assigned to a variables.</doc>
<status status="PASS" start="2024-10-11T14:39:11.194199" elapsed="0.001000"/>
</kw>
<kw name="Click Element" owner="AppiumLibrary">
<msg time="2024-10-11T14:39:11.206206" level="INFO">Clicking element 'accessibility_id=minus'.</msg>
<arg>${el7}</arg>
<doc>Click element identified by `locator`.</doc>
<status status="PASS" start="2024-10-11T14:39:11.196207" elapsed="1.436738"/>
</kw>
<kw name="Set Variable" owner="BuiltIn">
<msg time="2024-10-11T14:39:12.635940" level="INFO">${el8} = accessibility_id=2</msg>
<var>${el8}</var>
<arg>accessibility_id=2</arg>
<doc>Returns the given values which can then be assigned to a variables.</doc>
<status status="PASS" start="2024-10-11T14:39:12.633937" elapsed="0.002003"/>
</kw>
<kw name="Click Element" owner="AppiumLibrary">
<msg time="2024-10-11T14:39:12.647965" level="INFO">Clicking element 'accessibility_id=2'.</msg>
<arg>${el8}</arg>
<doc>Click element identified by `locator`.</doc>
<status status="PASS" start="2024-10-11T14:39:12.636936" elapsed="1.411571"/>
</kw>
<kw name="Set Variable" owner="BuiltIn">
<msg time="2024-10-11T14:39:14.051502" level="INFO">${el9} = accessibility_id=equals</msg>
<var>${el9}</var>
<arg>accessibility_id=equals</arg>
<doc>Returns the given values which can then be assigned to a variables.</doc>
<status status="PASS" start="2024-10-11T14:39:14.049533" elapsed="0.002984"/>
</kw>
<kw name="Click Element" owner="AppiumLibrary">
<msg time="2024-10-11T14:39:14.057529" level="INFO">Clicking element 'accessibility_id=equals'.</msg>
<arg>${el9}</arg>
<doc>Click element identified by `locator`.</doc>
<status status="PASS" start="2024-10-11T14:39:14.052517" elapsed="1.866217"/>
</kw>
<kw name="Set Variable" owner="BuiltIn">
<msg time="2024-10-11T14:39:15.919742" level="INFO">${el10} = accessibility_id=clear</msg>
<var>${el10}</var>
<arg>accessibility_id=clear</arg>
<doc>Returns the given values which can then be assigned to a variables.</doc>
<status status="PASS" start="2024-10-11T14:39:15.919742" elapsed="0.000000"/>
</kw>
<kw name="Click Element" owner="AppiumLibrary">
<msg time="2024-10-11T14:39:15.926735" level="INFO">Clicking element 'accessibility_id=clear'.</msg>
<arg>${el10}</arg>
<doc>Click element identified by `locator`.</doc>
<status status="PASS" start="2024-10-11T14:39:15.920741" elapsed="1.429809"/>
</kw>
<kw name="Set Variable" owner="BuiltIn">
<msg time="2024-10-11T14:39:17.351548" level="INFO">${el11} = accessibility_id=3</msg>
<var>${el11}</var>
<arg>accessibility_id=3</arg>
<doc>Returns the given values which can then be assigned to a variables.</doc>
<status status="PASS" start="2024-10-11T14:39:17.350550" elapsed="0.000998"/>
</kw>
<kw name="Click Element" owner="AppiumLibrary">
<msg time="2024-10-11T14:39:17.354546" level="INFO">Clicking element 'accessibility_id=3'.</msg>
<arg>${el11}</arg>
<doc>Click element identified by `locator`.</doc>
<status status="PASS" start="2024-10-11T14:39:17.351548" elapsed="1.397171"/>
</kw>
<kw name="Set Variable" owner="BuiltIn">
<msg time="2024-10-11T14:39:18.751680" level="INFO">${el12} = accessibility_id=multiply</msg>
<var>${el12}</var>
<arg>accessibility_id=multiply</arg>
<doc>Returns the given values which can then be assigned to a variables.</doc>
<status status="PASS" start="2024-10-11T14:39:18.750687" elapsed="0.000993"/>
</kw>
<kw name="Click Element" owner="AppiumLibrary">
<msg time="2024-10-11T14:39:18.756713" level="INFO">Clicking element 'accessibility_id=multiply'.</msg>
<arg>${el12}</arg>
<doc>Click element identified by `locator`.</doc>
<status status="PASS" start="2024-10-11T14:39:18.752719" elapsed="1.411771"/>
</kw>
<kw name="Set Variable" owner="BuiltIn">
<msg time="2024-10-11T14:39:20.166453" level="INFO">${el13} = accessibility_id=4</msg>
<var>${el13}</var>
<arg>accessibility_id=4</arg>
<doc>Returns the given values which can then be assigned to a variables.</doc>
<status status="PASS" start="2024-10-11T14:39:20.165459" elapsed="0.001992"/>
</kw>
<kw name="Click Element" owner="AppiumLibrary">
<msg time="2024-10-11T14:39:20.173482" level="INFO">Clicking element 'accessibility_id=4'.</msg>
<arg>${el13}</arg>
<doc>Click element identified by `locator`.</doc>
<status status="PASS" start="2024-10-11T14:39:20.168456" elapsed="1.449546"/>
</kw>
<kw name="Set Variable" owner="BuiltIn">
<msg time="2024-10-11T14:39:21.619028" level="INFO">${el14} = accessibility_id=equals</msg>
<var>${el14}</var>
<arg>accessibility_id=equals</arg>
<doc>Returns the given values which can then be assigned to a variables.</doc>
<status status="PASS" start="2024-10-11T14:39:21.619028" elapsed="0.000000"/>
</kw>
<kw name="Click Element" owner="AppiumLibrary">
<msg time="2024-10-11T14:39:21.625024" level="INFO">Clicking element 'accessibility_id=equals'.</msg>
<arg>${el14}</arg>
<doc>Click element identified by `locator`.</doc>
<status status="PASS" start="2024-10-11T14:39:21.620028" elapsed="1.006879"/>
</kw>
<kw name="Set Variable" owner="BuiltIn">
<msg time="2024-10-11T14:39:22.627905" level="INFO">${el15} = accessibility_id=clear</msg>
<var>${el15}</var>
<arg>accessibility_id=clear</arg>
<doc>Returns the given values which can then be assigned to a variables.</doc>
<status status="PASS" start="2024-10-11T14:39:22.626907" elapsed="0.000998"/>
</kw>
<kw name="Click Element" owner="AppiumLibrary">
<msg time="2024-10-11T14:39:22.636864" level="INFO">Clicking element 'accessibility_id=clear'.</msg>
<arg>${el15}</arg>
<doc>Click element identified by `locator`.</doc>
<status status="PASS" start="2024-10-11T14:39:22.628904" elapsed="1.678971"/>
</kw>
<kw name="Set Variable" owner="BuiltIn">
<msg time="2024-10-11T14:39:24.310869" level="INFO">${el16} = accessibility_id=9</msg>
<var>${el16}</var>
<arg>accessibility_id=9</arg>
<doc>Returns the given values which can then be assigned to a variables.</doc>
<status status="PASS" start="2024-10-11T14:39:24.308841" elapsed="0.002028"/>
</kw>
<kw name="Click Element" owner="AppiumLibrary">
<msg time="2024-10-11T14:39:24.319863" level="INFO">Clicking element 'accessibility_id=9'.</msg>
<arg>${el16}</arg>
<doc>Click element identified by `locator`.</doc>
<status status="PASS" start="2024-10-11T14:39:24.310869" elapsed="1.384339"/>
</kw>
<kw name="Set Variable" owner="BuiltIn">
<msg time="2024-10-11T14:39:25.696251" level="INFO">${el17} = accessibility_id=divide</msg>
<var>${el17}</var>
<arg>accessibility_id=divide</arg>
<doc>Returns the given values which can then be assigned to a variables.</doc>
<status status="PASS" start="2024-10-11T14:39:25.696251" elapsed="0.000000"/>
</kw>
<kw name="Click Element" owner="AppiumLibrary">
<msg time="2024-10-11T14:39:25.704212" level="INFO">Clicking element 'accessibility_id=divide'.</msg>
<arg>${el17}</arg>
<doc>Click element identified by `locator`.</doc>
<status status="PASS" start="2024-10-11T14:39:25.697251" elapsed="1.397681"/>
</kw>
<kw name="Set Variable" owner="BuiltIn">
<msg time="2024-10-11T14:39:27.095929" level="INFO">${el18} = accessibility_id=3</msg>
<var>${el18}</var>
<arg>accessibility_id=3</arg>
<doc>Returns the given values which can then be assigned to a variables.</doc>
<status status="PASS" start="2024-10-11T14:39:27.094932" elapsed="0.000997"/>
</kw>
<kw name="Click Element" owner="AppiumLibrary">
<msg time="2024-10-11T14:39:27.103889" level="INFO">Clicking element 'accessibility_id=3'.</msg>
<arg>${el18}</arg>
<doc>Click element identified by `locator`.</doc>
<status status="PASS" start="2024-10-11T14:39:27.095929" elapsed="1.465890"/>
</kw>
<kw name="Set Variable" owner="BuiltIn">
<msg time="2024-10-11T14:39:28.562819" level="INFO">${el19} = accessibility_id=equals</msg>
<var>${el19}</var>
<arg>accessibility_id=equals</arg>
<doc>Returns the given values which can then be assigned to a variables.</doc>
<status status="PASS" start="2024-10-11T14:39:28.561819" elapsed="0.001000"/>
</kw>
<kw name="Click Element" owner="AppiumLibrary">
<msg time="2024-10-11T14:39:28.570848" level="INFO">Clicking element 'accessibility_id=equals'.</msg>
<arg>${el19}</arg>
<doc>Click element identified by `locator`.</doc>
<status status="PASS" start="2024-10-11T14:39:28.562819" elapsed="1.906695"/>
</kw>
<kw name="Set Variable" owner="BuiltIn">
<msg time="2024-10-11T14:39:30.470512" level="INFO">${el20} = accessibility_id=clear</msg>
<var>${el20}</var>
<arg>accessibility_id=clear</arg>
<doc>Returns the given values which can then be assigned to a variables.</doc>
<status status="PASS" start="2024-10-11T14:39:30.470512" elapsed="0.000000"/>
</kw>
<kw name="Click Element" owner="AppiumLibrary">
<msg time="2024-10-11T14:39:30.476508" level="INFO">Clicking element 'accessibility_id=clear'.</msg>
<arg>${el20}</arg>
<doc>Click element identified by `locator`.</doc>
<status status="PASS" start="2024-10-11T14:39:30.471511" elapsed="1.401946"/>
</kw>
<arg>8</arg>
<arg>4</arg>
<status status="PASS" start="2024-10-11T14:39:02.598119" elapsed="29.275338"/>
</kw>
<status status="PASS" start="2024-10-11T14:39:02.595085" elapsed="29.280336"/>
</test>
<test id="s1-t3" name="TC003" line="29">
<kw name="Calcular">
<kw name="Set Variable" owner="BuiltIn">
<msg time="2024-10-11T14:39:31.885022" level="INFO">${el1} = accessibility_id=4</msg>
<var>${el1}</var>
<arg>accessibility_id=4</arg>
<doc>Returns the given values which can then be assigned to a variables.</doc>
<status status="PASS" start="2024-10-11T14:39:31.885022" elapsed="0.000000"/>
</kw>
<kw name="Click Element" owner="AppiumLibrary">
<msg time="2024-10-11T14:39:31.890020" level="INFO">Clicking element 'accessibility_id=4'.</msg>
<arg>${el1}</arg>
<doc>Click element identified by `locator`.</doc>
<status status="PASS" start="2024-10-11T14:39:31.886021" elapsed="1.451395"/>
</kw>
<kw name="Set Variable" owner="BuiltIn">
<msg time="2024-10-11T14:39:33.338414" level="INFO">${el2} = accessibility_id=plus</msg>
<var>${el2}</var>
<arg>accessibility_id=plus</arg>
<doc>Returns the given values which can then be assigned to a variables.</doc>
<status status="PASS" start="2024-10-11T14:39:33.337416" elapsed="0.000998"/>
</kw>
<kw name="Click Element" owner="AppiumLibrary">
<msg time="2024-10-11T14:39:33.343412" level="INFO">Clicking element 'accessibility_id=plus'.</msg>
<arg>${el2}</arg>
<doc>Click element identified by `locator`.</doc>
<status status="PASS" start="2024-10-11T14:39:33.338414" elapsed="1.339268"/>
</kw>
<kw name="Set Variable" owner="BuiltIn">
<msg time="2024-10-11T14:39:34.680645" level="INFO">${el3} = accessibility_id=3</msg>
<var>${el3}</var>
<arg>accessibility_id=3</arg>
<doc>Returns the given values which can then be assigned to a variables.</doc>
<status status="PASS" start="2024-10-11T14:39:34.677682" elapsed="0.002963"/>
</kw>
<kw name="Click Element" owner="AppiumLibrary">
<msg time="2024-10-11T14:39:34.686675" level="INFO">Clicking element 'accessibility_id=3'.</msg>
<arg>${el3}</arg>
<doc>Click element identified by `locator`.</doc>
<status status="PASS" start="2024-10-11T14:39:34.681644" elapsed="1.016816"/>
</kw>
<kw name="Set Variable" owner="BuiltIn">
<msg time="2024-10-11T14:39:35.699470" level="INFO">${el4} = accessibility_id=equals</msg>
<var>${el4}</var>
<arg>accessibility_id=equals</arg>
<doc>Returns the given values which can then be assigned to a variables.</doc>
<status status="PASS" start="2024-10-11T14:39:35.699470" elapsed="0.000000"/>
</kw>
<kw name="Click Element" owner="AppiumLibrary">
<msg time="2024-10-11T14:39:35.706462" level="INFO">Clicking element 'accessibility_id=equals'.</msg>
<arg>${el4}</arg>
<doc>Click element identified by `locator`.</doc>
<status status="PASS" start="2024-10-11T14:39:35.700467" elapsed="1.807447"/>
</kw>
<kw name="Set Variable" owner="BuiltIn">
<msg time="2024-10-11T14:39:37.508939" level="INFO">${el5} = accessibility_id=clear</msg>
<var>${el5}</var>
<arg>accessibility_id=clear</arg>
<doc>Returns the given values which can then be assigned to a variables.</doc>
<status status="PASS" start="2024-10-11T14:39:37.507914" elapsed="0.001025"/>
</kw>
<kw name="Click Element" owner="AppiumLibrary">
<msg time="2024-10-11T14:39:37.510936" level="INFO">Clicking element 'accessibility_id=clear'.</msg>
<arg>${el5}</arg>
<doc>Click element identified by `locator`.</doc>
<status status="PASS" start="2024-10-11T14:39:37.508939" elapsed="1.313773"/>
</kw>
<kw name="Set Variable" owner="BuiltIn">
<msg time="2024-10-11T14:39:38.823734" level="INFO">${el6} = accessibility_id=8</msg>
<var>${el6}</var>
<arg>accessibility_id=8</arg>
<doc>Returns the given values which can then be assigned to a variables.</doc>
<status status="PASS" start="2024-10-11T14:39:38.822712" elapsed="0.001022"/>
</kw>
<kw name="Click Element" owner="AppiumLibrary">
<msg time="2024-10-11T14:39:38.824736" level="INFO">Clicking element 'accessibility_id=8'.</msg>
<arg>${el6}</arg>
<doc>Click element identified by `locator`.</doc>
<status status="PASS" start="2024-10-11T14:39:38.823734" elapsed="1.311753"/>
</kw>
<kw name="Set Variable" owner="BuiltIn">
<msg time="2024-10-11T14:39:40.136485" level="INFO">${el7} = accessibility_id=minus</msg>
<var>${el7}</var>
<arg>accessibility_id=minus</arg>
<doc>Returns the given values which can then be assigned to a variables.</doc>
<status status="PASS" start="2024-10-11T14:39:40.135487" elapsed="0.000998"/>
</kw>
<kw name="Click Element" owner="AppiumLibrary">
<msg time="2024-10-11T14:39:40.141481" level="INFO">Clicking element 'accessibility_id=minus'.</msg>
<arg>${el7}</arg>
<doc>Click element identified by `locator`.</doc>
<status status="PASS" start="2024-10-11T14:39:40.137484" elapsed="1.359609"/>
</kw>
<kw name="Set Variable" owner="BuiltIn">
<msg time="2024-10-11T14:39:41.499094" level="INFO">${el8} = accessibility_id=2</msg>
<var>${el8}</var>
<arg>accessibility_id=2</arg>
<doc>Returns the given values which can then be assigned to a variables.</doc>
<status status="PASS" start="2024-10-11T14:39:41.498110" elapsed="0.000984"/>
</kw>
<kw name="Click Element" owner="AppiumLibrary">
<msg time="2024-10-11T14:39:41.504124" level="INFO">Clicking element 'accessibility_id=2'.</msg>
<arg>${el8}</arg>
<doc>Click element identified by `locator`.</doc>
<status status="PASS" start="2024-10-11T14:39:41.500092" elapsed="1.386549"/>
</kw>
<kw name="Set Variable" owner="BuiltIn">
<msg time="2024-10-11T14:39:42.887639" level="INFO">${el9} = accessibility_id=equals</msg>
<var>${el9}</var>
<arg>accessibility_id=equals</arg>
<doc>Returns the given values which can then be assigned to a variables.</doc>
<status status="PASS" start="2024-10-11T14:39:42.887639" elapsed="0.000000"/>
</kw>
<kw name="Click Element" owner="AppiumLibrary">
<msg time="2024-10-11T14:39:42.892635" level="INFO">Clicking element 'accessibility_id=equals'.</msg>
<arg>${el9}</arg>
<doc>Click element identified by `locator`.</doc>
<status status="PASS" start="2024-10-11T14:39:42.888638" elapsed="0.926159"/>
</kw>
<kw name="Set Variable" owner="BuiltIn">
<msg time="2024-10-11T14:39:43.815796" level="INFO">${el10} = accessibility_id=clear</msg>
<var>${el10}</var>
<arg>accessibility_id=clear</arg>
<doc>Returns the given values which can then be assigned to a variables.</doc>
<status status="PASS" start="2024-10-11T14:39:43.814797" elapsed="0.000999"/>
</kw>
<kw name="Click Element" owner="AppiumLibrary">
<msg time="2024-10-11T14:39:43.820766" level="INFO">Clicking element 'accessibility_id=clear'.</msg>
<arg>${el10}</arg>
<doc>Click element identified by `locator`.</doc>
<status status="PASS" start="2024-10-11T14:39:43.815796" elapsed="1.602389"/>
</kw>
<kw name="Set Variable" owner="BuiltIn">
<msg time="2024-10-11T14:39:45.420227" level="INFO">${el11} = accessibility_id=3</msg>
<var>${el11}</var>
<arg>accessibility_id=3</arg>
<doc>Returns the given values which can then be assigned to a variables.</doc>
<status status="PASS" start="2024-10-11T14:39:45.419229" elapsed="0.000998"/>
</kw>
<kw name="Click Element" owner="AppiumLibrary">
<msg time="2024-10-11T14:39:45.425225" level="INFO">Clicking element 'accessibility_id=3'.</msg>
<arg>${el11}</arg>
<doc>Click element identified by `locator`.</doc>
<status status="PASS" start="2024-10-11T14:39:45.420227" elapsed="1.328402"/>
</kw>
<kw name="Set Variable" owner="BuiltIn">
<msg time="2024-10-11T14:39:46.749626" level="INFO">${el12} = accessibility_id=multiply</msg>
<var>${el12}</var>
<arg>accessibility_id=multiply</arg>
<doc>Returns the given values which can then be assigned to a variables.</doc>
<status status="PASS" start="2024-10-11T14:39:46.748629" elapsed="0.000997"/>
</kw>
<kw name="Click Element" owner="AppiumLibrary">
<msg time="2024-10-11T14:39:46.756587" level="INFO">Clicking element 'accessibility_id=multiply'.</msg>
<arg>${el12}</arg>
<doc>Click element identified by `locator`.</doc>
<status status="PASS" start="2024-10-11T14:39:46.750596" elapsed="1.302720"/>
</kw>
<kw name="Set Variable" owner="BuiltIn">
<msg time="2024-10-11T14:39:48.054314" level="INFO">${el13} = accessibility_id=4</msg>
<var>${el13}</var>
<arg>accessibility_id=4</arg>
<doc>Returns the given values which can then be assigned to a variables.</doc>
<status status="PASS" start="2024-10-11T14:39:48.053316" elapsed="0.000998"/>
</kw>
<kw name="Click Element" owner="AppiumLibrary">
<msg time="2024-10-11T14:39:48.061277" level="INFO">Clicking element 'accessibility_id=4'.</msg>
<arg>${el13}</arg>
<doc>Click element identified by `locator`.</doc>
<status status="PASS" start="2024-10-11T14:39:48.055313" elapsed="0.933269"/>
</kw>
<kw name="Set Variable" owner="BuiltIn">
<msg time="2024-10-11T14:39:48.989579" level="INFO">${el14} = accessibility_id=equals</msg>
<var>${el14}</var>
<arg>accessibility_id=equals</arg>
<doc>Returns the given values which can then be assigned to a variables.</doc>
<status status="PASS" start="2024-10-11T14:39:48.989579" elapsed="0.000000"/>
</kw>
<kw name="Click Element" owner="AppiumLibrary">
<msg time="2024-10-11T14:39:48.996574" level="INFO">Clicking element 'accessibility_id=equals'.</msg>
<arg>${el14}</arg>
<doc>Click element identified by `locator`.</doc>
<status status="PASS" start="2024-10-11T14:39:48.990578" elapsed="1.900958"/>
</kw>
<kw name="Set Variable" owner="BuiltIn">
<msg time="2024-10-11T14:39:50.893496" level="INFO">${el15} = accessibility_id=clear</msg>
<var>${el15}</var>
<arg>accessibility_id=clear</arg>
<doc>Returns the given values which can then be assigned to a variables.</doc>
<status status="PASS" start="2024-10-11T14:39:50.892496" elapsed="0.001998"/>
</kw>
<kw name="Click Element" owner="AppiumLibrary">
<msg time="2024-10-11T14:39:50.901489" level="INFO">Clicking element 'accessibility_id=clear'.</msg>
<arg>${el15}</arg>
<doc>Click element identified by `locator`.</doc>
<status status="PASS" start="2024-10-11T14:39:50.895494" elapsed="1.357832"/>
</kw>
<kw name="Set Variable" owner="BuiltIn">
<msg time="2024-10-11T14:39:52.254324" level="INFO">${el16} = accessibility_id=9</msg>
<var>${el16}</var>
<arg>accessibility_id=9</arg>
<doc>Returns the given values which can then be assigned to a variables.</doc>
<status status="PASS" start="2024-10-11T14:39:52.253326" elapsed="0.000998"/>
</kw>
<kw name="Click Element" owner="AppiumLibrary">
<msg time="2024-10-11T14:39:52.262325" level="INFO">Clicking element 'accessibility_id=9'.</msg>
<arg>${el16}</arg>
<doc>Click element identified by `locator`.</doc>
<status status="PASS" start="2024-10-11T14:39:52.255324" elapsed="1.341598"/>
</kw>
<kw name="Set Variable" owner="BuiltIn">
<msg time="2024-10-11T14:39:53.597921" level="INFO">${el17} = accessibility_id=divide</msg>
<var>${el17}</var>
<arg>accessibility_id=divide</arg>
<doc>Returns the given values which can then be assigned to a variables.</doc>
<status status="PASS" start="2024-10-11T14:39:53.596922" elapsed="0.000999"/>
</kw>
<kw name="Click Element" owner="AppiumLibrary">
<msg time="2024-10-11T14:39:53.604917" level="INFO">Clicking element 'accessibility_id=divide'.</msg>
<arg>${el17}</arg>
<doc>Click element identified by `locator`.</doc>
<status status="PASS" start="2024-10-11T14:39:53.597921" elapsed="1.312777"/>
</kw>
<kw name="Set Variable" owner="BuiltIn">
<msg time="2024-10-11T14:39:54.912732" level="INFO">${el18} = accessibility_id=3</msg>
<var>${el18}</var>
<arg>accessibility_id=3</arg>
<doc>Returns the given values which can then be assigned to a variables.</doc>
<status status="PASS" start="2024-10-11T14:39:54.911732" elapsed="0.001999"/>
</kw>
<kw name="Click Element" owner="AppiumLibrary">
<msg time="2024-10-11T14:39:54.925688" level="INFO">Clicking element 'accessibility_id=3'.</msg>
<arg>${el18}</arg>
<doc>Click element identified by `locator`.</doc>
<status status="PASS" start="2024-10-11T14:39:54.914730" elapsed="1.346053"/>
</kw>
<kw name="Set Variable" owner="BuiltIn">
<msg time="2024-10-11T14:39:56.261818" level="INFO">${el19} = accessibility_id=equals</msg>
<var>${el19}</var>
<arg>accessibility_id=equals</arg>
<doc>Returns the given values which can then be assigned to a variables.</doc>
<status status="PASS" start="2024-10-11T14:39:56.260783" elapsed="0.001035"/>
</kw>
<kw name="Click Element" owner="AppiumLibrary">
<msg time="2024-10-11T14:39:56.267814" level="INFO">Clicking element 'accessibility_id=equals'.</msg>
<arg>${el19}</arg>
<doc>Click element identified by `locator`.</doc>
<status status="PASS" start="2024-10-11T14:39:56.262817" elapsed="1.776348"/>
</kw>
<kw name="Set Variable" owner="BuiltIn">
<msg time="2024-10-11T14:39:58.041134" level="INFO">${el20} = accessibility_id=clear</msg>
<var>${el20}</var>
<arg>accessibility_id=clear</arg>
<doc>Returns the given values which can then be assigned to a variables.</doc>
<status status="PASS" start="2024-10-11T14:39:58.039165" elapsed="0.001969"/>
</kw>
<kw name="Click Element" owner="AppiumLibrary">
<msg time="2024-10-11T14:39:58.049158" level="INFO">Clicking element 'accessibility_id=clear'.</msg>
<arg>${el20}</arg>
<doc>Click element identified by `locator`.</doc>
<status status="PASS" start="2024-10-11T14:39:58.042129" elapsed="1.307732"/>
</kw>
<arg>2</arg>
<arg>6</arg>
<status status="PASS" start="2024-10-11T14:39:31.884023" elapsed="27.465838"/>
</kw>
<status status="PASS" start="2024-10-11T14:39:31.878992" elapsed="27.472832"/>
</test>
<kw name="Close Application" owner="AppiumLibrary" type="TEARDOWN">
<doc>Closes the current application and also close webdriver session.</doc>
<status status="PASS" start="2024-10-11T14:39:59.359821" elapsed="0.620064"/>
</kw>
<status status="PASS" start="2024-10-11T14:37:42.437234" elapsed="137.542651"/>
</suite>
<statistics>
<total>
<stat pass="3" fail="0" skip="0">All Tests</stat>
</total>
<tag>
</tag>
<suite>
<stat pass="3" fail="0" skip="0" id="s1" name="Calculadora Mobile  Ddt">Calculadora Mobile  Ddt</stat>
</suite>
</statistics>
<errors>
</errors>
</robot>
